TN:
SF:js/WebRTCApp.ts
FN:18,(anonymous_0)
FN:23,(anonymous_1)
FN:25,(anonymous_2)
FN:28,(anonymous_3)
FN:40,(anonymous_4)
FN:47,(anonymous_5)
FN:52,(anonymous_6)
FN:61,(anonymous_7)
FN:77,(anonymous_8)
FN:83,(anonymous_9)
FN:83,(anonymous_10)
FN:125,(anonymous_11)
FN:143,(anonymous_12)
FN:153,(anonymous_13)
FN:157,(anonymous_14)
FN:158,(anonymous_15)
FN:163,(anonymous_16)
FN:178,(anonymous_17)
FN:182,(anonymous_18)
FN:182,(anonymous_19)
FN:206,(anonymous_20)
FN:207,(anonymous_21)
FN:220,(anonymous_22)
FN:225,(anonymous_23)
FN:230,(anonymous_24)
FN:245,(anonymous_25)
FN:246,(anonymous_26)
FN:251,(anonymous_27)
FN:263,(anonymous_28)
FN:279,(anonymous_29)
FN:297,(anonymous_30)
FN:306,(anonymous_31)
FN:308,(anonymous_32)
FN:315,(anonymous_33)
FN:317,(anonymous_34)
FN:324,(anonymous_35)
FN:335,(anonymous_36)
FN:339,(anonymous_37)
FN:359,(anonymous_38)
FN:370,(anonymous_39)
FN:384,(anonymous_40)
FN:389,(anonymous_41)
FN:419,(anonymous_42)
FN:477,(anonymous_43)
FNF:44
FNH:12
FNDA:3,(anonymous_0)
FNDA:3,(anonymous_1)
FNDA:0,(anonymous_2)
FNDA:0,(anonymous_3)
FNDA:0,(anonymous_4)
FNDA:0,(anonymous_5)
FNDA:0,(anonymous_6)
FNDA:2,(anonymous_7)
FNDA:1,(anonymous_8)
FNDA:2,(anonymous_9)
FNDA:1,(anonymous_10)
FNDA:0,(anonymous_11)
FNDA:0,(anonymous_12)
FNDA:0,(anonymous_13)
FNDA:3,(anonymous_14)
FNDA:93,(anonymous_15)
FNDA:1,(anonymous_16)
FNDA:0,(anonymous_17)
FNDA:0,(anonymous_18)
FNDA:0,(anonymous_19)
FNDA:0,(anonymous_20)
FNDA:0,(anonymous_21)
FNDA:0,(anonymous_22)
FNDA:0,(anonymous_23)
FNDA:0,(anonymous_24)
FNDA:0,(anonymous_25)
FNDA:0,(anonymous_26)
FNDA:0,(anonymous_27)
FNDA:0,(anonymous_28)
FNDA:0,(anonymous_29)
FNDA:0,(anonymous_30)
FNDA:0,(anonymous_31)
FNDA:0,(anonymous_32)
FNDA:0,(anonymous_33)
FNDA:0,(anonymous_34)
FNDA:0,(anonymous_35)
FNDA:0,(anonymous_36)
FNDA:0,(anonymous_37)
FNDA:0,(anonymous_38)
FNDA:0,(anonymous_39)
FNDA:1,(anonymous_40)
FNDA:1,(anonymous_41)
FNDA:0,(anonymous_42)
FNDA:1,(anonymous_43)
DA:8,7
DA:10,3
DA:19,3
DA:20,3
DA:24,3
DA:26,0
DA:29,0
DA:30,0
DA:31,0
DA:32,0
DA:34,0
DA:35,0
DA:36,0
DA:37,0
DA:41,0
DA:42,0
DA:44,0
DA:48,0
DA:49,0
DA:50,0
DA:53,0
DA:54,0
DA:56,0
DA:62,2
DA:63,2
DA:64,2
DA:65,2
DA:66,1
DA:68,2
DA:70,2
DA:71,2
DA:73,0
DA:78,1
DA:79,0
DA:80,0
DA:83,2
DA:84,1
DA:87,1
DA:89,1
DA:90,1
DA:91,1
DA:94,1
DA:95,1
DA:96,1
DA:97,1
DA:100,1
DA:101,1
DA:102,1
DA:103,1
DA:106,1
DA:107,1
DA:110,1
DA:111,1
DA:112,1
DA:113,1
DA:114,1
DA:115,1
DA:116,1
DA:119,1
DA:122,1
DA:126,0
DA:127,0
DA:128,0
DA:131,0
DA:132,0
DA:134,0
DA:135,0
DA:136,0
DA:139,0
DA:144,0
DA:145,0
DA:146,0
DA:147,0
DA:148,0
DA:149,0
DA:150,0
DA:154,0
DA:158,3
DA:159,93
DA:164,1
DA:165,0
DA:167,1
DA:168,1
DA:169,1
DA:170,1
DA:171,1
DA:174,1
DA:175,1
DA:179,0
DA:180,0
DA:182,0
DA:191,0
DA:192,0
DA:193,0
DA:194,0
DA:195,0
DA:196,0
DA:198,0
DA:199,0
DA:203,0
DA:204,0
DA:206,0
DA:207,0
DA:208,0
DA:209,0
DA:213,0
DA:215,0
DA:219,0
DA:220,0
DA:221,0
DA:222,0
DA:225,0
DA:226,0
DA:227,0
DA:230,0
DA:231,0
DA:232,0
DA:233,0
DA:235,0
DA:236,0
DA:237,0
DA:238,0
DA:239,0
DA:240,0
DA:242,0
DA:245,0
DA:246,0
DA:247,0
DA:248,0
DA:251,0
DA:252,0
DA:253,0
DA:258,0
DA:259,0
DA:260,0
DA:261,0
DA:263,0
DA:268,0
DA:269,0
DA:273,0
DA:274,0
DA:276,0
DA:277,0
DA:279,0
DA:280,0
DA:281,0
DA:282,0
DA:283,0
DA:284,0
DA:286,0
DA:287,0
DA:290,0
DA:292,0
DA:296,0
DA:297,0
DA:298,0
DA:299,0
DA:303,0
DA:307,0
DA:308,0
DA:309,0
DA:310,0
DA:312,0
DA:316,0
DA:317,0
DA:318,0
DA:319,0
DA:321,0
DA:326,0
DA:329,0
DA:332,0
DA:335,0
DA:336,0
DA:340,0
DA:341,0
DA:343,0
DA:344,0
DA:345,0
DA:346,0
DA:347,0
DA:348,0
DA:349,0
DA:350,0
DA:351,0
DA:353,0
DA:360,0
DA:361,0
DA:362,0
DA:363,0
DA:365,0
DA:367,0
DA:368,0
DA:370,0
DA:373,0
DA:375,0
DA:376,0
DA:377,0
DA:378,0
DA:380,0
DA:385,1
DA:386,1
DA:390,1
DA:391,1
DA:393,1
DA:395,1
DA:396,1
DA:397,1
DA:399,1
DA:401,1
DA:402,1
DA:403,1
DA:404,1
DA:406,1
DA:407,1
DA:409,1
DA:410,1
DA:411,1
DA:413,1
DA:415,1
DA:416,0
DA:418,0
DA:419,0
DA:420,0
DA:421,0
DA:422,0
DA:423,0
DA:426,0
DA:427,0
DA:428,0
DA:429,0
DA:430,0
DA:431,0
DA:432,0
DA:434,0
DA:435,0
DA:436,0
DA:437,0
DA:442,1
DA:443,0
DA:444,0
DA:445,0
DA:447,0
DA:448,0
DA:449,0
DA:451,0
DA:452,0
DA:454,0
DA:455,0
DA:456,0
DA:457,0
DA:458,0
DA:459,0
DA:461,0
DA:462,0
DA:464,0
DA:465,0
DA:470,1
DA:471,1
DA:473,1
DA:478,1
LF:260
LH:74
BRDA:19,0,0,3
BRDA:19,0,1,0
BRDA:30,1,0,0
BRDA:31,2,0,0
BRDA:32,3,0,0
BRDA:36,4,0,0
BRDA:41,5,0,0
BRDA:41,5,1,0
BRDA:48,6,0,0
BRDA:53,7,0,0
BRDA:62,8,0,2
BRDA:65,9,0,1
BRDA:78,10,0,0
BRDA:87,11,0,1
BRDA:89,12,0,1
BRDA:94,13,0,1
BRDA:100,14,0,1
BRDA:101,15,0,1
BRDA:147,16,0,0
BRDA:148,17,0,0
BRDA:164,18,0,0
BRDA:183,19,0,0
BRDA:183,19,1,0
BRDA:183,20,0,0
BRDA:183,20,1,0
BRDA:183,20,2,0
BRDA:193,21,0,0
BRDA:193,21,1,0
BRDA:194,22,0,0
BRDA:194,23,0,0
BRDA:194,23,1,0
BRDA:208,24,0,0
BRDA:232,25,0,0
BRDA:238,26,0,0
BRDA:247,27,0,0
BRDA:252,28,0,0
BRDA:268,29,0,0
BRDA:268,29,1,0
BRDA:283,30,0,0
BRDA:283,31,0,0
BRDA:283,31,1,0
BRDA:286,32,0,0
BRDA:296,33,0,0
BRDA:298,34,0,0
BRDA:340,35,0,0
BRDA:349,36,0,0
BRDA:349,36,1,0
BRDA:361,37,0,0
BRDA:362,38,0,0
BRDA:373,39,0,0
BRDA:373,39,1,0
BRDA:374,40,0,0
BRDA:374,40,1,0
BRDA:386,41,0,1
BRDA:391,42,0,0
BRDA:397,43,0,0
BRDA:397,43,1,1
BRDA:397,44,0,1
BRDA:397,44,1,0
BRDA:398,45,0,0
BRDA:398,45,1,1
BRDA:398,46,0,1
BRDA:398,46,1,1
BRDA:415,47,0,0
BRDA:415,48,0,1
BRDA:415,48,1,0
BRDA:420,49,0,0
BRDA:420,49,1,0
BRDA:422,50,0,0
BRDA:426,51,0,0
BRDA:427,52,0,0
BRDA:427,52,1,0
BRDA:428,53,0,0
BRDA:428,53,1,0
BRDA:435,54,0,0
BRDA:436,55,0,0
BRDA:442,56,0,0
BRDA:457,57,0,0
BRDA:457,57,1,0
BRDA:459,58,0,0
BRDA:459,58,1,0
BRDA:459,59,0,0
BRDA:459,59,1,0
BRDA:460,60,0,0
BRDA:460,60,1,0
BRDA:460,61,0,0
BRDA:460,61,1,0
BRDA:470,62,0,1
BRF:88
BRH:16
end_of_record
TN:
SF:js/background.ts
FN:6,backgroundChange
FN:19,onResults
FN:46,(anonymous_2)
FN:52,(anonymous_3)
FN:53,(anonymous_4)
FN:57,(anonymous_5)
FNF:6
FNH:0
FNDA:0,backgroundChange
FNDA:0,onResults
FNDA:0,(anonymous_2)
FNDA:0,(anonymous_3)
FNDA:0,(anonymous_4)
FNDA:0,(anonymous_5)
DA:7,0
DA:8,0
DA:9,0
DA:10,0
DA:11,0
DA:12,0
DA:14,0
DA:15,0
DA:16,0
DA:20,0
DA:21,0
DA:23,0
DA:24,0
DA:25,0
DA:29,0
DA:30,0
DA:32,0
DA:36,0
DA:37,0
DA:38,0
DA:41,0
DA:44,0
DA:47,0
DA:50,0
DA:52,0
DA:53,0
DA:54,0
DA:55,0
DA:57,0
DA:58,0
DA:59,0
DA:60,0
DA:61,0
DA:86,0
LF:34
LH:0
BRDA:15,0,0,0
BRDA:20,1,0,0
BRF:2
BRH:0
end_of_record
TN:
SF:js/chat.ts
FN:7,setupChatChannel
FN:13,(anonymous_1)
FN:18,(anonymous_2)
FN:22,(anonymous_3)
FNF:4
FNH:2
FNDA:4,setupChatChannel
FNDA:0,(anonymous_1)
FNDA:2,(anonymous_2)
FNDA:0,(anonymous_3)
DA:3,2
DA:5,2
DA:8,4
DA:12,4
DA:13,4
DA:14,0
DA:15,0
DA:18,4
DA:21,2
DA:22,2
DA:23,0
DA:24,0
DA:25,0
DA:26,0
DA:29,0
DA:30,0
DA:35,2
LF:17
LH:9
BRDA:14,0,0,0
BRDA:21,1,0,2
BRDA:23,2,0,0
BRDA:25,3,0,0
BRF:4
BRH:1
end_of_record
TN:
SF:js/config.ts
FN:7,(anonymous_0)
FN:15,getConfig
FN:19,(anonymous_2)
FN:27,setConfig
FN:28,(anonymous_4)
FN:35,(anonymous_5)
FNF:6
FNH:1
FNDA:0,(anonymous_0)
FNDA:6,getConfig
FNDA:0,(anonymous_2)
FNDA:0,setConfig
FNDA:0,(anonymous_4)
FNDA:0,(anonymous_5)
DA:1,3
DA:3,3
DA:5,3
DA:6,3
DA:7,3
DA:8,0
DA:9,0
DA:10,0
DA:16,6
DA:17,6
DA:18,6
DA:19,6
DA:20,0
DA:21,0
DA:24,6
DA:28,0
DA:29,0
DA:30,0
DA:32,0
DA:35,3
DA:36,0
DA:37,0
DA:38,0
DA:39,0
DA:40,0
DA:44,3
LF:26
LH:12
BRDA:3,0,0,3
BRDA:3,0,1,3
BRDA:6,1,0,3
BRDA:9,2,0,0
BRDA:18,3,0,6
BRF:5
BRH:4
end_of_record
TN:
SF:js/emojis.ts
FNF:0
FNH:0
DA:1,0
LF:1
LH:0
BRF:0
BRH:0
end_of_record
TN:
SF:js/external.d.ts
FNF:0
FNH:0
LF:0
LH:0
BRF:0
BRH:0
end_of_record
TN:
SF:js/file.ts
FN:12,updateProgressBar
FN:24,setupFileChannel
FN:31,(anonymous_2)
FN:43,(anonymous_3)
FN:72,handleFileSelect
FN:82,splitArrayBuffer
FN:96,readFile
FN:104,(anonymous_7)
FN:115,(anonymous_8)
FN:116,(anonymous_9)
FN:131,(anonymous_10)
FNF:11
FNH:4
FNDA:1,updateProgressBar
FNDA:0,setupFileChannel
FNDA:0,(anonymous_2)
FNDA:0,(anonymous_3)
FNDA:0,handleFileSelect
FNDA:3,splitArrayBuffer
FNDA:1,readFile
FNDA:1,(anonymous_7)
FNDA:0,(anonymous_8)
FNDA:0,(anonymous_9)
FNDA:0,(anonymous_10)
DA:1,2
DA:13,1
DA:16,1
DA:17,1
DA:18,1
DA:19,1
DA:20,1
DA:25,0
DA:29,0
DA:31,0
DA:32,0
DA:33,0
DA:34,0
DA:35,0
DA:36,0
DA:37,0
DA:38,0
DA:39,0
DA:41,0
DA:42,0
DA:43,0
DA:44,0
DA:45,0
DA:46,0
DA:47,0
DA:48,0
DA:49,0
DA:52,0
DA:53,0
DA:54,0
DA:55,0
DA:57,0
DA:58,0
DA:59,0
DA:62,0
DA:67,2
DA:68,2
DA:69,0
DA:73,0
DA:74,0
DA:75,0
DA:77,0
DA:78,0
DA:83,3
DA:84,3
DA:85,3
DA:87,3
DA:88,9
DA:89,9
DA:90,9
DA:93,3
DA:97,1
DA:98,1
DA:99,1
DA:100,1
DA:101,1
DA:103,1
DA:104,1
DA:105,1
DA:107,1
DA:108,1
DA:109,1
DA:111,1
DA:112,0
DA:113,0
DA:115,1
DA:116,0
DA:117,0
DA:118,0
DA:119,0
DA:120,0
DA:121,0
DA:123,0
DA:124,0
DA:125,0
DA:131,1
DA:132,0
DA:133,0
DA:134,0
DA:135,0
DA:136,0
DA:137,0
DA:138,0
DA:143,1
DA:144,0
DA:145,0
DA:146,0
DA:148,0
DA:151,1
DA:152,1
DA:156,2
DA:157,2
DA:158,2
DA:159,2
LF:94
LH:38
BRDA:18,0,0,1
BRDA:32,1,0,0
BRDA:42,2,0,0
BRDA:42,2,1,0
BRDA:44,3,0,0
BRDA:48,4,0,0
BRDA:53,5,0,0
BRDA:58,6,0,0
BRDA:68,7,0,0
BRDA:75,8,0,0
BRDA:105,9,0,0
BRDA:111,10,0,0
BRDA:116,11,0,0
BRDA:116,11,1,0
BRDA:118,12,0,0
BRDA:119,13,0,0
BRDA:124,14,0,0
BRDA:134,15,0,0
BRDA:137,16,0,0
BRDA:143,17,0,0
BRDA:145,18,0,0
BRF:21
BRH:1
end_of_record
TN:
SF:js/forward.ts
FN:24,sendData
FN:32,(anonymous_1)
FN:38,(anonymous_2)
FN:77,forwardInit
FN:78,(anonymous_4)
FN:91,setupForwardChannel
FN:98,(anonymous_6)
FN:103,(anonymous_7)
FN:125,(anonymous_8)
FN:171,(anonymous_9)
FN:180,(anonymous_10)
FN:192,(anonymous_11)
FN:235,(anonymous_12)
FN:307,setButton
FN:325,concatUint8Arrays
FN:327,(anonymous_15)
FN:350,(anonymous_16)
FN:352,(anonymous_17)
FN:356,(anonymous_18)
FN:360,(anonymous_19)
FN:371,(anonymous_20)
FNF:21
FNH:4
FNDA:0,sendData
FNDA:0,(anonymous_1)
FNDA:0,(anonymous_2)
FNDA:1,forwardInit
FNDA:0,(anonymous_4)
FNDA:1,setupForwardChannel
FNDA:0,(anonymous_6)
FNDA:0,(anonymous_7)
FNDA:0,(anonymous_8)
FNDA:0,(anonymous_9)
FNDA:0,(anonymous_10)
FNDA:0,(anonymous_11)
FNDA:0,(anonymous_12)
FNDA:0,setButton
FNDA:1,concatUint8Arrays
FNDA:3,(anonymous_15)
FNDA:0,(anonymous_16)
FNDA:0,(anonymous_17)
FNDA:0,(anonymous_18)
FNDA:0,(anonymous_19)
FNDA:0,(anonymous_20)
DA:25,0
DA:26,0
DA:27,0
DA:28,0
DA:29,0
DA:30,0
DA:32,0
DA:33,0
DA:34,0
DA:38,0
DA:39,0
DA:40,0
DA:42,0
DA:43,0
DA:44,0
DA:45,0
DA:46,0
DA:48,0
DA:50,0
DA:51,0
DA:52,0
DA:57,0
DA:58,0
DA:59,0
DA:60,0
DA:61,0
DA:64,0
DA:65,0
DA:66,0
DA:71,0
DA:74,0
DA:78,1
DA:79,0
DA:80,0
DA:82,0
DA:83,0
DA:84,0
DA:87,1
DA:88,1
DA:92,1
DA:96,1
DA:98,1
DA:99,0
DA:100,0
DA:103,1
DA:104,0
DA:105,0
DA:108,0
DA:110,0
DA:111,0
DA:112,0
DA:116,0
DA:118,0
DA:121,0
DA:122,0
DA:123,0
DA:125,0
DA:126,0
DA:127,0
DA:134,0
DA:135,0
DA:136,0
DA:137,0
DA:139,0
DA:141,0
DA:142,0
DA:143,0
DA:144,0
DA:145,0
DA:146,0
DA:147,0
DA:148,0
DA:150,0
DA:153,0
DA:154,0
DA:155,0
DA:156,0
DA:157,0
DA:158,0
DA:159,0
DA:160,0
DA:161,0
DA:162,0
DA:163,0
DA:165,0
DA:166,0
DA:167,0
DA:168,0
DA:171,0
DA:172,0
DA:180,0
DA:181,0
DA:182,0
DA:186,0
DA:188,0
DA:189,0
DA:190,0
DA:193,0
DA:197,0
DA:200,0
DA:204,0
DA:205,0
DA:206,0
DA:210,0
DA:211,0
DA:212,0
DA:213,0
DA:216,0
DA:217,0
DA:218,0
DA:220,0
DA:221,0
DA:222,0
DA:225,0
DA:226,0
DA:227,0
DA:230,0
DA:235,1
DA:236,0
DA:238,0
DA:239,0
DA:242,0
DA:243,0
DA:245,0
DA:246,0
DA:249,0
DA:250,0
DA:251,0
DA:253,0
DA:254,0
DA:255,0
DA:256,0
DA:257,0
DA:259,0
DA:260,0
DA:263,0
DA:264,0
DA:268,0
DA:269,0
DA:270,0
DA:271,0
DA:272,0
DA:276,0
DA:277,0
DA:278,0
DA:279,0
DA:280,0
DA:281,0
DA:284,0
DA:285,0
DA:286,0
DA:287,0
DA:294,0
DA:295,0
DA:297,0
DA:300,0
DA:301,0
DA:302,0
DA:308,0
DA:309,0
DA:310,0
DA:311,0
DA:313,0
DA:314,0
DA:315,0
DA:320,1
DA:321,1
DA:322,1
DA:327,3
DA:330,1
DA:333,1
DA:336,1
DA:337,3
DA:338,3
DA:341,1
DA:345,1
DA:346,0
DA:350,0
DA:353,0
DA:356,0
DA:358,0
DA:360,0
DA:361,0
DA:362,0
DA:364,0
DA:365,0
DA:366,0
DA:369,0
DA:371,0
DA:372,0
DA:373,0
DA:374,0
DA:375,0
DA:377,0
DA:378,0
DA:379,0
DA:380,0
DA:381,0
DA:382,0
DA:383,0
DA:384,0
DA:385,0
DA:390,0
DA:391,0
DA:397,0
DA:415,1
DA:416,1
DA:417,1
DA:418,1
DA:419,1
LF:210
LH:24
BRDA:42,0,0,0
BRDA:50,1,0,0
BRDA:50,1,1,0
BRDA:59,2,0,0
BRDA:65,3,0,0
BRDA:65,3,1,0
BRDA:79,4,0,0
BRDA:82,5,0,0
BRDA:100,6,0,0
BRDA:108,7,0,0
BRDA:108,7,1,0
BRDA:108,7,2,0
BRDA:108,7,3,0
BRDA:108,7,4,0
BRDA:108,7,5,0
BRDA:108,7,6,0
BRDA:108,7,7,0
BRDA:108,7,8,0
BRDA:110,8,0,0
BRDA:126,9,0,0
BRDA:135,10,0,0
BRDA:142,11,0,0
BRDA:154,12,0,0
BRDA:165,13,0,0
BRDA:165,14,0,0
BRDA:165,14,1,0
BRDA:181,15,0,0
BRDA:190,16,0,0
BRDA:197,17,0,0
BRDA:205,18,0,0
BRDA:212,19,0,0
BRDA:216,20,0,0
BRDA:221,21,0,0
BRDA:238,22,0,0
BRDA:238,22,1,0
BRDA:240,23,0,0
BRDA:240,23,1,0
BRDA:242,24,0,0
BRDA:242,24,1,0
BRDA:253,25,0,0
BRDA:253,25,1,0
BRDA:253,26,0,0
BRDA:253,26,1,0
BRDA:271,27,0,0
BRDA:277,28,0,0
BRDA:286,29,0,0
BRDA:295,30,0,0
BRDA:301,31,0,0
BRDA:308,32,0,0
BRDA:308,32,1,0
BRDA:321,33,0,1
BRDA:345,34,0,0
BRDA:364,35,0,0
BRDA:364,36,0,0
BRDA:364,36,1,0
BRDA:373,37,0,0
BRDA:373,37,1,0
BRDA:374,38,0,0
BRDA:377,39,0,0
BRDA:377,39,1,0
BRDA:379,40,0,0
BRDA:379,40,1,0
BRDA:381,41,0,0
BRDA:381,42,0,0
BRDA:381,42,1,0
BRDA:384,43,0,0
BRF:66
BRH:1
end_of_record
TN:
SF:js/main.ts
FN:20,(anonymous_0)
FN:64,(anonymous_1)
FN:69,(anonymous_2)
FN:76,(anonymous_3)
FN:81,(anonymous_4)
FN:89,(anonymous_5)
FN:106,(anonymous_6)
FN:110,(anonymous_7)
FN:114,(anonymous_8)
FN:135,(anonymous_9)
FN:150,(anonymous_10)
FN:167,(anonymous_11)
FN:188,(anonymous_12)
FN:198,(anonymous_13)
FN:220,(anonymous_14)
FN:243,(anonymous_15)
FN:261,(anonymous_16)
FN:269,(anonymous_17)
FN:272,(anonymous_18)
FN:285,(anonymous_19)
FN:296,(anonymous_20)
FN:298,(anonymous_21)
FN:311,(anonymous_22)
FN:320,(anonymous_23)
FN:328,(anonymous_24)
FN:346,(anonymous_25)
FN:369,(anonymous_26)
FN:370,(anonymous_27)
FN:371,(anonymous_28)
FN:372,(anonymous_29)
FN:373,(anonymous_30)
FN:374,(anonymous_31)
FN:375,(anonymous_32)
FN:376,(anonymous_33)
FN:377,(anonymous_34)
FN:378,(anonymous_35)
FN:379,(anonymous_36)
FN:380,(anonymous_37)
FN:381,(anonymous_38)
FN:383,(anonymous_39)
FN:384,(anonymous_40)
FN:386,(anonymous_41)
FNF:42
FNH:5
FNDA:0,(anonymous_0)
FNDA:0,(anonymous_1)
FNDA:0,(anonymous_2)
FNDA:0,(anonymous_3)
FNDA:0,(anonymous_4)
FNDA:0,(anonymous_5)
FNDA:0,(anonymous_6)
FNDA:0,(anonymous_7)
FNDA:0,(anonymous_8)
FNDA:0,(anonymous_9)
FNDA:0,(anonymous_10)
FNDA:0,(anonymous_11)
FNDA:0,(anonymous_12)
FNDA:0,(anonymous_13)
FNDA:0,(anonymous_14)
FNDA:0,(anonymous_15)
FNDA:0,(anonymous_16)
FNDA:0,(anonymous_17)
FNDA:0,(anonymous_18)
FNDA:0,(anonymous_19)
FNDA:0,(anonymous_20)
FNDA:0,(anonymous_21)
FNDA:0,(anonymous_22)
FNDA:0,(anonymous_23)
FNDA:0,(anonymous_24)
FNDA:0,(anonymous_25)
FNDA:1,(anonymous_26)
FNDA:1,(anonymous_27)
FNDA:0,(anonymous_28)
FNDA:0,(anonymous_29)
FNDA:1,(anonymous_30)
FNDA:1,(anonymous_31)
FNDA:0,(anonymous_32)
FNDA:0,(anonymous_33)
FNDA:0,(anonymous_34)
FNDA:0,(anonymous_35)
FNDA:0,(anonymous_36)
FNDA:0,(anonymous_37)
FNDA:0,(anonymous_38)
FNDA:0,(anonymous_39)
FNDA:0,(anonymous_40)
FNDA:1,(anonymous_41)
DA:1,3
DA:2,3
DA:5,3
DA:12,3
DA:15,3
DA:18,3
DA:19,3
DA:20,3
DA:21,0
DA:22,0
DA:23,0
DA:24,0
DA:25,0
DA:26,0
DA:27,0
DA:29,0
DA:30,0
DA:31,0
DA:37,3
DA:38,3
DA:58,3
DA:59,3
DA:62,3
DA:63,3
DA:64,3
DA:67,3
DA:68,3
DA:69,3
DA:70,0
DA:74,3
DA:75,3
DA:76,3
DA:77,0
DA:80,3
DA:81,3
DA:82,0
DA:83,0
DA:88,3
DA:89,3
DA:90,0
DA:91,0
DA:96,3
DA:104,3
DA:106,3
DA:108,3
DA:109,3
DA:110,3
DA:114,3
DA:115,0
DA:116,0
DA:117,0
DA:118,0
DA:119,0
DA:120,0
DA:122,0
DA:125,0
DA:130,3
DA:131,3
DA:132,3
DA:135,3
DA:136,0
DA:137,0
DA:139,0
DA:140,0
DA:141,0
DA:142,0
DA:150,3
DA:151,0
DA:152,0
DA:153,0
DA:154,0
DA:155,0
DA:156,0
DA:157,0
DA:158,0
DA:159,0
DA:160,0
DA:161,0
DA:162,0
DA:163,0
DA:164,0
DA:165,0
DA:167,0
DA:168,0
DA:169,0
DA:170,0
DA:171,0
DA:172,0
DA:173,0
DA:174,0
DA:175,0
DA:176,0
DA:177,0
DA:179,0
DA:181,0
DA:182,0
DA:185,0
DA:186,0
DA:187,0
DA:188,0
DA:189,0
DA:190,0
DA:191,0
DA:196,0
DA:197,0
DA:198,0
DA:200,0
DA:201,0
DA:202,0
DA:203,0
DA:204,0
DA:205,0
DA:206,0
DA:207,0
DA:208,0
DA:211,0
DA:212,0
DA:213,0
DA:214,0
DA:215,0
DA:216,0
DA:217,0
DA:218,0
DA:220,0
DA:221,0
DA:222,0
DA:223,0
DA:224,0
DA:225,0
DA:226,0
DA:227,0
DA:228,0
DA:229,0
DA:231,0
DA:233,0
DA:234,0
DA:241,3
DA:243,3
DA:244,0
DA:245,0
DA:246,0
DA:247,0
DA:248,0
DA:249,0
DA:250,0
DA:251,0
DA:252,0
DA:253,0
DA:254,0
DA:255,0
DA:257,0
DA:261,3
DA:262,0
DA:263,0
DA:264,0
DA:265,0
DA:266,0
DA:269,3
DA:270,0
DA:272,0
DA:273,0
DA:274,0
DA:275,0
DA:277,0
DA:278,0
DA:279,0
DA:280,0
DA:281,0
DA:285,3
DA:286,0
DA:287,0
DA:288,0
DA:289,0
DA:296,3
DA:297,0
DA:298,0
DA:299,0
DA:300,0
DA:301,0
DA:303,0
DA:304,0
DA:305,0
DA:306,0
DA:307,0
DA:311,3
DA:312,0
DA:313,0
DA:314,0
DA:315,0
DA:317,0
DA:320,3
DA:321,0
DA:322,0
DA:323,0
DA:324,0
DA:328,3
DA:329,0
DA:330,0
DA:331,0
DA:332,0
DA:333,0
DA:334,0
DA:335,0
DA:336,0
DA:337,0
DA:338,0
DA:340,0
DA:341,0
DA:342,0
DA:343,0
DA:344,0
DA:345,0
DA:346,0
DA:347,0
DA:353,3
DA:354,3
DA:355,0
DA:356,3
DA:357,0
DA:358,3
DA:359,0
DA:361,3
DA:364,3
DA:366,3
DA:369,1
DA:370,1
DA:371,0
DA:372,0
DA:373,1
DA:374,1
DA:375,0
DA:376,0
DA:377,0
DA:378,0
DA:379,0
DA:380,0
DA:381,0
DA:383,0
DA:384,0
DA:386,1
LF:240
LH:58
BRDA:15,0,0,3
BRDA:15,0,1,0
BRDA:19,1,0,3
BRDA:23,2,0,0
BRDA:23,3,0,0
BRDA:23,3,1,0
BRDA:24,4,0,0
BRDA:24,4,1,0
BRDA:63,5,0,3
BRDA:68,6,0,3
BRDA:75,7,0,3
BRDA:80,8,0,3
BRDA:82,9,0,0
BRDA:88,10,0,3
BRDA:90,11,0,0
BRDA:104,12,0,3
BRDA:104,12,1,3
BRDA:109,13,0,3
BRDA:116,14,0,0
BRDA:116,14,1,0
BRDA:131,15,0,3
BRDA:137,16,0,0
BRDA:155,17,0,0
BRDA:155,17,1,0
BRDA:159,18,0,0
BRDA:163,19,0,0
BRDA:164,20,0,0
BRDA:165,21,0,0
BRDA:168,22,0,0
BRDA:171,23,0,0
BRDA:174,24,0,0
BRDA:175,25,0,0
BRDA:175,25,1,0
BRDA:181,26,0,0
BRDA:182,27,0,0
BRDA:197,28,0,0
BRDA:200,29,0,0
BRDA:200,29,1,0
BRDA:203,30,0,0
BRDA:206,31,0,0
BRDA:213,32,0,0
BRDA:217,33,0,0
BRDA:221,34,0,0
BRDA:224,35,0,0
BRDA:227,36,0,0
BRDA:229,37,0,0
BRDA:229,37,1,0
BRDA:233,38,0,0
BRDA:234,39,0,0
BRDA:246,40,0,0
BRDA:248,41,0,0
BRDA:248,41,1,0
BRDA:249,42,0,0
BRDA:251,43,0,0
BRDA:253,44,0,0
BRDA:273,45,0,0
BRDA:279,46,0,0
BRDA:288,47,0,0
BRDA:288,48,0,0
BRDA:288,48,1,0
BRDA:288,48,2,0
BRDA:299,49,0,0
BRDA:305,50,0,0
BRDA:314,51,0,0
BRDA:323,52,0,0
BRDA:323,53,0,0
BRDA:323,53,1,0
BRDA:323,53,2,0
BRDA:334,54,0,0
BRDA:334,54,1,0
BRDA:335,55,0,0
BRDA:336,56,0,0
BRDA:337,57,0,0
BRDA:342,58,0,0
BRDA:343,59,0,0
BRDA:344,60,0,0
BRDA:347,61,0,0
BRDA:354,62,0,0
BRDA:354,62,1,3
BRDA:356,63,0,0
BRDA:356,63,1,3
BRDA:358,64,0,0
BRDA:358,64,1,3
BRF:83
BRH:14
end_of_record
TN:
SF:js/recorder.ts
FN:17,setupStreams
FN:18,(anonymous_1)
FN:27,(anonymous_2)
FN:28,(anonymous_3)
FN:32,(anonymous_4)
FN:63,startRecording
FN:84,(anonymous_6)
FN:96,(anonymous_7)
FN:106,stopRecording
FN:128,(anonymous_9)
FNF:10
FNH:0
FNDA:0,setupStreams
FNDA:0,(anonymous_1)
FNDA:0,(anonymous_2)
FNDA:0,(anonymous_3)
FNDA:0,(anonymous_4)
FNDA:0,startRecording
FNDA:0,(anonymous_6)
FNDA:0,(anonymous_7)
FNDA:0,stopRecording
FNDA:0,(anonymous_9)
DA:1,0
DA:3,0
DA:5,0
DA:6,0
DA:15,0
DA:18,0
DA:19,0
DA:21,0
DA:22,0
DA:23,0
DA:27,0
DA:28,0
DA:29,0
DA:32,0
DA:33,0
DA:35,0
DA:37,0
DA:38,0
DA:39,0
DA:40,0
DA:42,0
DA:43,0
DA:44,0
DA:45,0
DA:49,0
DA:50,0
DA:51,0
DA:58,0
DA:64,0
DA:65,0
DA:66,0
DA:67,0
DA:69,0
DA:71,0
DA:73,0
DA:74,0
DA:75,0
DA:76,0
DA:77,0
DA:80,0
DA:81,0
DA:82,0
DA:84,0
DA:85,0
DA:87,0
DA:88,0
DA:89,0
DA:92,0
DA:93,0
DA:96,0
DA:97,0
DA:98,0
DA:103,0
DA:107,0
DA:108,0
DA:109,0
DA:112,0
DA:113,0
DA:114,0
DA:117,0
DA:118,0
DA:119,0
DA:122,0
DA:126,0
DA:128,0
DA:129,0
DA:130,0
DA:132,0
DA:134,0
DA:138,0
LF:70
LH:0
BRDA:18,0,0,0
BRDA:18,0,1,0
BRDA:21,1,0,0
BRDA:21,1,1,0
BRDA:22,2,0,0
BRDA:28,3,0,0
BRDA:28,4,0,0
BRDA:28,4,1,0
BRDA:39,5,0,0
BRDA:39,5,1,0
BRDA:44,6,0,0
BRDA:44,6,1,0
BRDA:50,7,0,0
BRDA:50,7,1,0
BRDA:74,8,0,0
BRDA:75,9,0,0
BRDA:75,9,1,0
BRDA:85,10,0,0
BRDA:107,11,0,0
BRDA:112,12,0,0
BRDA:117,13,0,0
BRDA:129,14,0,0
BRDA:129,14,1,0
BRF:23
BRH:0
end_of_record
TN:
SF:js/sdpcompress.ts
FN:66,(anonymous_0)
FN:71,(anonymous_1)
FN:72,(anonymous_2)
FN:77,(anonymous_3)
FN:78,(anonymous_4)
FN:79,(anonymous_5)
FN:85,(anonymous_6)
FN:98,(anonymous_7)
FN:107,(anonymous_8)
FN:111,(anonymous_9)
FN:113,(anonymous_10)
FN:114,(anonymous_11)
FN:118,(anonymous_12)
FN:124,(anonymous_13)
FN:125,(anonymous_14)
FN:126,(anonymous_15)
FN:127,(anonymous_16)
FN:137,(anonymous_17)
FN:138,(anonymous_18)
FN:139,(anonymous_19)
FN:143,(anonymous_20)
FN:144,(anonymous_21)
FN:145,(anonymous_22)
FN:151,(anonymous_23)
FN:152,(anonymous_24)
FN:153,(anonymous_25)
FN:154,(anonymous_26)
FN:155,(anonymous_27)
FN:156,(anonymous_28)
FN:157,(anonymous_29)
FN:158,(anonymous_30)
FN:166,to_array_buffer
FN:177,concatTypedArrays
FN:189,concatTypedArraysMulti
FN:199,zip
FN:200,(anonymous_35)
FN:208,encodeField
FN:217,lastMatch
FN:231,compress_line
FN:232,(anonymous_39)
FN:260,compress
FN:280,decompress
FN:281,(anonymous_42)
FNF:43
FNH:27
FNDA:62,(anonymous_0)
FNDA:62,(anonymous_1)
FNDA:100,(anonymous_2)
FNDA:3,(anonymous_3)
FNDA:0,(anonymous_4)
FNDA:0,(anonymous_5)
FNDA:3,(anonymous_6)
FNDA:4,(anonymous_7)
FNDA:0,(anonymous_8)
FNDA:0,(anonymous_9)
FNDA:6,(anonymous_10)
FNDA:0,(anonymous_11)
FNDA:0,(anonymous_12)
FNDA:3,(anonymous_13)
FNDA:0,(anonymous_14)
FNDA:0,(anonymous_15)
FNDA:3,(anonymous_16)
FNDA:4,(anonymous_17)
FNDA:0,(anonymous_18)
FNDA:0,(anonymous_19)
FNDA:6,(anonymous_20)
FNDA:0,(anonymous_21)
FNDA:0,(anonymous_22)
FNDA:3,(anonymous_23)
FNDA:0,(anonymous_24)
FNDA:0,(anonymous_25)
FNDA:3,(anonymous_26)
FNDA:4,(anonymous_27)
FNDA:0,(anonymous_28)
FNDA:6,(anonymous_29)
FNDA:0,(anonymous_30)
FNDA:6,to_array_buffer
FNDA:60,concatTypedArrays
FNDA:24,concatTypedArraysMulti
FNDA:19,zip
FNDA:16,(anonymous_35)
FNDA:16,encodeField
FNDA:19,lastMatch
FNDA:19,compress_line
FNDA:589,(anonymous_39)
FNDA:8,compress
FNDA:5,decompress
FNDA:234,(anonymous_42)
DA:31,2
DA:66,2
DA:67,62
DA:71,2
DA:72,100
DA:76,2
DA:77,3
DA:78,0
DA:79,0
DA:86,3
DA:87,3
DA:99,4
DA:100,4
DA:108,0
DA:109,0
DA:110,0
DA:111,0
DA:113,6
DA:115,0
DA:116,0
DA:117,0
DA:118,0
DA:123,2
DA:124,3
DA:125,0
DA:126,0
DA:127,3
DA:137,4
DA:139,0
DA:140,0
DA:141,0
DA:143,6
DA:145,0
DA:150,2
DA:151,3
DA:152,0
DA:153,0
DA:154,3
DA:155,4
DA:156,0
DA:157,6
DA:158,0
DA:167,6
DA:168,6
DA:178,60
DA:179,60
DA:180,60
DA:181,60
DA:190,24
DA:200,19
DA:209,16
DA:218,19
DA:219,461
DA:220,19
DA:223,0
DA:232,589
DA:233,19
DA:235,19
DA:236,0
DA:239,19
DA:240,19
DA:243,19
DA:249,19
DA:260,2
DA:261,8
DA:262,3
DA:265,5
DA:266,5
DA:267,5
DA:270,5
DA:271,5
DA:272,5
DA:280,2
DA:281,234
DA:282,5
DA:284,5
DA:286,19
DA:287,19
DA:290,19
DA:291,19
DA:294,19
DA:295,16
DA:296,16
DA:297,16
DA:298,16
DA:301,19
DA:304,5
LF:87
LH:65
BRDA:86,0,0,3
BRDA:86,0,1,0
BRDA:110,1,0,0
BRDA:117,2,0,0
BRDA:219,3,0,19
BRDA:235,4,0,0
BRDA:235,5,0,19
BRDA:235,5,1,19
BRDA:261,6,0,3
BRDA:261,7,0,8
BRDA:261,7,1,5
BRDA:265,8,0,3
BRDA:265,8,1,2
BRF:13
BRH:9
end_of_record
TN:
SF:js/stream.ts
FN:7,normalizeStreamId
FN:11,getStreamElemId
FN:15,streamInit
FN:20,(anonymous_3)
FN:21,(anonymous_4)
FN:32,(anonymous_5)
FN:34,(anonymous_6)
FN:38,(anonymous_7)
FN:40,(anonymous_8)
FN:46,setupTrackHandler
FN:47,(anonymous_10)
FN:51,(anonymous_11)
FN:54,(anonymous_12)
FN:55,(anonymous_13)
FN:67,(anonymous_14)
FN:79,processAudio
FN:82,(anonymous_16)
FN:104,stopProcessingAudio
FN:112,(anonymous_18)
FN:113,(anonymous_19)
FN:117,(anonymous_20)
FN:136,(anonymous_21)
FN:158,(anonymous_22)
FN:159,(anonymous_23)
FN:177,(anonymous_24)
FN:212,(anonymous_25)
FN:235,(anonymous_26)
FN:276,(anonymous_27)
FN:283,(anonymous_28)
FN:329,(anonymous_29)
FN:343,(anonymous_30)
FN:383,(anonymous_31)
FN:387,(anonymous_32)
FN:403,(anonymous_33)
FN:437,(anonymous_34)
FN:442,(anonymous_35)
FN:450,(anonymous_36)
FN:460,(anonymous_37)
FN:470,(anonymous_38)
FN:480,(anonymous_39)
FN:490,(anonymous_40)
FN:492,(anonymous_41)
FN:531,(anonymous_42)
FN:539,(anonymous_43)
FN:553,(anonymous_44)
FN:555,(anonymous_45)
FN:594,(anonymous_46)
FN:602,(anonymous_47)
FN:615,(anonymous_48)
FN:643,(anonymous_49)
FN:668,(anonymous_50)
FNF:51
FNH:8
FNDA:11,normalizeStreamId
FNDA:6,getStreamElemId
FNDA:4,streamInit
FNDA:2,(anonymous_3)
FNDA:3,(anonymous_4)
FNDA:0,(anonymous_5)
FNDA:0,(anonymous_6)
FNDA:0,(anonymous_7)
FNDA:0,(anonymous_8)
FNDA:1,setupTrackHandler
FNDA:1,(anonymous_10)
FNDA:0,(anonymous_11)
FNDA:0,(anonymous_12)
FNDA:0,(anonymous_13)
FNDA:0,(anonymous_14)
FNDA:0,processAudio
FNDA:0,(anonymous_16)
FNDA:0,stopProcessingAudio
FNDA:0,(anonymous_18)
FNDA:0,(anonymous_19)
FNDA:0,(anonymous_20)
FNDA:0,(anonymous_21)
FNDA:0,(anonymous_22)
FNDA:0,(anonymous_23)
FNDA:0,(anonymous_24)
FNDA:0,(anonymous_25)
FNDA:0,(anonymous_26)
FNDA:0,(anonymous_27)
FNDA:0,(anonymous_28)
FNDA:0,(anonymous_29)
FNDA:0,(anonymous_30)
FNDA:0,(anonymous_31)
FNDA:0,(anonymous_32)
FNDA:1,(anonymous_33)
FNDA:0,(anonymous_34)
FNDA:0,(anonymous_35)
FNDA:0,(anonymous_36)
FNDA:0,(anonymous_37)
FNDA:0,(anonymous_38)
FNDA:0,(anonymous_39)
FNDA:0,(anonymous_40)
FNDA:0,(anonymous_41)
FNDA:0,(anonymous_42)
FNDA:0,(anonymous_43)
FNDA:0,(anonymous_44)
FNDA:0,(anonymous_45)
FNDA:0,(anonymous_46)
FNDA:0,(anonymous_47)
FNDA:0,(anonymous_48)
FNDA:0,(anonymous_49)
FNDA:0,(anonymous_50)
DA:5,5
DA:8,11
DA:12,6
DA:16,4
DA:17,4
DA:18,4
DA:19,4
DA:20,4
DA:21,3
DA:22,2
DA:24,2
DA:25,1
DA:26,1
DA:28,0
DA:32,4
DA:33,0
DA:34,0
DA:35,0
DA:36,0
DA:37,0
DA:38,0
DA:40,0
DA:47,1
DA:48,1
DA:49,1
DA:50,1
DA:51,1
DA:52,0
DA:53,0
DA:54,0
DA:55,0
DA:56,0
DA:59,1
DA:60,1
DA:61,1
DA:63,0
DA:66,1
DA:67,0
DA:68,0
DA:80,0
DA:81,0
DA:82,0
DA:83,0
DA:84,0
DA:86,0
DA:88,0
DA:89,0
DA:90,0
DA:91,0
DA:92,0
DA:93,0
DA:96,0
DA:97,0
DA:99,0
DA:100,0
DA:101,0
DA:105,0
DA:106,0
DA:107,0
DA:108,0
DA:109,0
DA:112,5
DA:113,0
DA:114,0
DA:115,0
DA:116,0
DA:117,0
DA:118,0
DA:119,0
DA:122,0
DA:136,5
DA:137,0
DA:139,0
DA:141,0
DA:142,0
DA:143,0
DA:158,5
DA:159,0
DA:160,0
DA:177,5
DA:178,0
DA:179,0
DA:180,0
DA:181,0
DA:185,0
DA:186,0
DA:188,0
DA:189,0
DA:191,0
DA:192,0
DA:194,0
DA:195,0
DA:196,0
DA:199,0
DA:201,0
DA:202,0
DA:203,0
DA:204,0
DA:210,0
DA:212,0
DA:213,0
DA:216,0
DA:217,0
DA:219,0
DA:220,0
DA:221,0
DA:227,0
DA:228,0
DA:231,0
DA:232,0
DA:233,0
DA:234,0
DA:235,0
DA:236,0
DA:241,0
DA:242,0
DA:246,0
DA:249,0
DA:250,0
DA:251,0
DA:252,0
DA:253,0
DA:254,0
DA:255,0
DA:257,0
DA:258,0
DA:259,0
DA:260,0
DA:262,0
DA:266,5
DA:276,5
DA:278,0
DA:279,0
DA:280,0
DA:281,0
DA:282,0
DA:283,0
DA:284,0
DA:285,0
DA:289,0
DA:290,0
DA:291,0
DA:294,0
DA:295,0
DA:296,0
DA:297,0
DA:298,0
DA:299,0
DA:300,0
DA:301,0
DA:302,0
DA:305,0
DA:306,0
DA:307,0
DA:308,0
DA:309,0
DA:312,0
DA:314,0
DA:329,5
DA:330,0
DA:331,0
DA:332,0
DA:334,0
DA:335,0
DA:336,0
DA:337,0
DA:338,0
DA:339,0
DA:340,0
DA:343,0
DA:345,0
DA:346,0
DA:348,0
DA:349,0
DA:350,0
DA:351,0
DA:352,0
DA:354,0
DA:355,0
DA:356,0
DA:357,0
DA:358,0
DA:359,0
DA:360,0
DA:361,0
DA:362,0
DA:364,0
DA:365,0
DA:367,0
DA:368,0
DA:369,0
DA:371,0
DA:372,0
DA:374,0
DA:375,0
DA:376,0
DA:377,0
DA:378,0
DA:379,0
DA:383,5
DA:384,0
DA:387,5
DA:388,0
DA:403,5
DA:404,1
DA:406,1
DA:407,0
DA:409,1
DA:410,1
DA:412,1
DA:413,1
DA:414,0
DA:416,1
DA:417,1
DA:418,1
DA:419,1
DA:420,1
DA:422,1
DA:423,1
DA:424,1
DA:426,1
DA:427,1
DA:429,0
DA:430,0
DA:431,0
DA:432,0
DA:433,0
DA:434,0
DA:435,0
DA:436,0
DA:437,0
DA:438,0
DA:439,0
DA:442,0
DA:443,0
DA:447,1
DA:450,5
DA:451,0
DA:452,0
DA:454,0
DA:458,5
DA:459,5
DA:460,4
DA:461,0
DA:462,0
DA:463,0
DA:464,0
DA:468,5
DA:469,5
DA:470,4
DA:471,0
DA:472,0
DA:473,0
DA:474,0
DA:478,5
DA:479,5
DA:480,4
DA:481,0
DA:482,0
DA:483,0
DA:484,0
DA:488,5
DA:489,5
DA:490,4
DA:491,0
DA:492,0
DA:493,0
DA:494,0
DA:495,0
DA:497,0
DA:498,0
DA:500,0
DA:501,0
DA:502,0
DA:503,0
DA:506,0
DA:507,0
DA:510,0
DA:511,0
DA:515,0
DA:516,0
DA:520,0
DA:521,0
DA:523,0
DA:524,0
DA:525,0
DA:527,0
DA:528,0
DA:531,0
DA:532,0
DA:533,0
DA:534,0
DA:536,0
DA:537,0
DA:539,0
DA:540,0
DA:541,0
DA:542,0
DA:543,0
DA:544,0
DA:545,0
DA:551,5
DA:552,5
DA:553,4
DA:554,0
DA:555,0
DA:556,0
DA:557,0
DA:558,0
DA:560,0
DA:561,0
DA:563,0
DA:564,0
DA:565,0
DA:566,0
DA:569,0
DA:570,0
DA:573,0
DA:574,0
DA:578,0
DA:579,0
DA:583,0
DA:584,0
DA:586,0
DA:587,0
DA:588,0
DA:590,0
DA:591,0
DA:594,0
DA:595,0
DA:596,0
DA:597,0
DA:599,0
DA:600,0
DA:602,0
DA:603,0
DA:604,0
DA:605,0
DA:606,0
DA:607,0
DA:608,0
DA:614,5
DA:615,5
DA:616,0
DA:617,0
DA:618,0
DA:625,5
DA:626,5
DA:627,5
DA:628,5
DA:629,5
DA:630,5
DA:631,5
DA:632,5
DA:633,5
DA:634,5
DA:635,5
DA:636,5
DA:637,5
DA:641,5
DA:642,5
DA:643,0
DA:644,0
DA:645,0
DA:646,0
DA:647,0
DA:648,0
DA:650,0
DA:651,0
DA:652,0
DA:653,0
DA:654,0
DA:655,0
DA:658,0
DA:659,0
DA:660,0
DA:666,5
DA:667,5
DA:668,0
DA:669,0
DA:670,0
DA:672,0
DA:674,0
DA:675,0
DA:676,0
DA:677,0
DA:678,0
DA:680,0
DA:681,0
DA:682,0
DA:685,0
DA:687,0
DA:688,0
DA:689,0
DA:691,0
LF:395
LH:85
BRDA:5,0,0,5
BRDA:5,0,1,1
BRDA:25,1,0,1
BRDA:33,2,0,0
BRDA:34,3,0,0
BRDA:34,3,1,0
BRDA:60,4,0,1
BRDA:66,5,0,1
BRDA:66,5,1,0
BRDA:83,6,0,0
BRDA:83,7,0,0
BRDA:83,7,1,0
BRDA:92,8,0,0
BRDA:105,9,0,0
BRDA:106,10,0,0
BRDA:118,11,0,0
BRDA:137,12,0,0
BRDA:137,13,0,0
BRDA:137,13,1,0
BRDA:142,14,0,0
BRDA:146,15,0,0
BRDA:146,15,1,0
BRDA:178,16,0,0
BRDA:178,17,0,0
BRDA:178,17,1,0
BRDA:185,18,0,0
BRDA:188,19,0,0
BRDA:201,20,0,0
BRDA:201,20,1,0
BRDA:203,21,0,0
BRDA:203,21,1,0
BRDA:219,22,0,0
BRDA:219,22,1,0
BRDA:220,23,0,0
BRDA:227,24,0,0
BRDA:227,25,0,0
BRDA:227,25,1,0
BRDA:231,26,0,0
BRDA:231,26,1,0
BRDA:232,27,0,0
BRDA:234,28,0,0
BRDA:241,29,0,0
BRDA:249,30,0,0
BRDA:251,31,0,0
BRDA:251,31,1,0
BRDA:251,32,0,0
BRDA:251,32,1,0
BRDA:253,33,0,0
BRDA:253,34,0,0
BRDA:253,34,1,0
BRDA:257,35,0,0
BRDA:257,35,1,0
BRDA:257,36,0,0
BRDA:257,36,1,0
BRDA:259,37,0,0
BRDA:259,38,0,0
BRDA:259,38,1,0
BRDA:279,39,0,0
BRDA:284,40,0,0
BRDA:284,41,0,0
BRDA:284,41,1,0
BRDA:290,42,0,0
BRDA:298,43,0,0
BRDA:298,44,0,0
BRDA:298,44,1,0
BRDA:299,45,0,0
BRDA:305,46,0,0
BRDA:305,47,0,0
BRDA:305,47,1,0
BRDA:307,48,0,0
BRDA:312,49,0,0
BRDA:312,49,1,0
BRDA:312,50,0,0
BRDA:312,50,1,0
BRDA:312,51,0,0
BRDA:312,51,1,0
BRDA:312,52,0,0
BRDA:312,52,1,0
BRDA:331,53,0,0
BRDA:336,54,0,0
BRDA:336,54,1,0
BRDA:336,55,0,0
BRDA:336,55,1,0
BRDA:337,56,0,0
BRDA:339,57,0,0
BRDA:339,58,0,0
BRDA:339,58,1,0
BRDA:343,59,0,0
BRDA:343,59,1,0
BRDA:346,60,0,0
BRDA:359,61,0,0
BRDA:359,61,1,0
BRDA:359,62,0,0
BRDA:359,62,1,0
BRDA:361,63,0,0
BRDA:369,64,0,0
BRDA:371,65,0,0
BRDA:403,66,0,0
BRDA:404,67,0,0
BRDA:404,68,0,1
BRDA:404,69,0,1
BRDA:404,70,0,1
BRDA:406,71,0,0
BRDA:406,71,1,1
BRDA:413,72,0,0
BRDA:423,73,0,1
BRDA:431,74,0,0
BRDA:431,74,1,0
BRDA:451,75,0,0
BRDA:451,75,1,0
BRDA:459,76,0,4
BRDA:469,77,0,4
BRDA:479,78,0,4
BRDA:489,79,0,4
BRDA:493,80,0,0
BRDA:498,81,0,0
BRDA:510,82,0,0
BRDA:515,83,0,0
BRDA:525,84,0,0
BRDA:536,85,0,0
BRDA:552,86,0,4
BRDA:556,87,0,0
BRDA:561,88,0,0
BRDA:573,89,0,0
BRDA:578,90,0,0
BRDA:588,91,0,0
BRDA:599,92,0,0
BRDA:614,93,0,5
BRDA:617,94,0,0
BRDA:617,95,0,0
BRDA:617,95,1,0
BRDA:642,96,0,0
BRDA:645,97,0,0
BRDA:645,97,1,0
BRDA:646,98,0,0
BRDA:654,99,0,0
BRDA:659,100,0,0
BRDA:667,101,0,0
BRDA:670,102,0,0
BRDA:682,103,0,0
BRDA:682,103,1,0
BRDA:688,104,0,0
BRF:142
BRH:16
end_of_record
